<?xml version="1.0" encoding="UTF-8" ?>
<testsuite tests="10" failures="0" name="no.priv.garshol.duke.databases.PersistentLuceneDatabaseTest" time="12.036" errors="0" skipped="0">
  <properties>
    <property name="java.runtime.name" value="OpenJDK Runtime Environment"/>
    <property name="sun.boot.library.path" value="/usr/lib/jvm/java-8-openjdk-amd64/jre/lib/amd64"/>
    <property name="java.vm.version" value="25.91-b14"/>
    <property name="java.vm.vendor" value="Oracle Corporation"/>
    <property name="java.vendor.url" value="http://java.oracle.com/"/>
    <property name="path.separator" value=":"/>
    <property name="java.vm.name" value="OpenJDK 64-Bit Server VM"/>
    <property name="file.encoding.pkg" value="sun.io"/>
    <property name="user.country" value="IT"/>
    <property name="sun.java.launcher" value="SUN_STANDARD"/>
    <property name="sun.os.patch.level" value="unknown"/>
    <property name="java.vm.specification.name" value="Java Virtual Machine Specification"/>
    <property name="user.dir" value="/home/enrico/Dropbox/SEM/lib/Duke/duke-lucene"/>
    <property name="java.runtime.version" value="1.8.0_91-8u91-b14-0ubuntu4~16.04.1-b14"/>
    <property name="java.awt.graphicsenv" value="sun.awt.X11GraphicsEnvironment"/>
    <property name="basedir" value="/home/enrico/Dropbox/SEM/lib/Duke/duke-lucene"/>
    <property name="java.endorsed.dirs" value="/usr/lib/jvm/java-8-openjdk-amd64/jre/lib/endorsed"/>
    <property name="os.arch" value="amd64"/>
    <property name="surefire.real.class.path" value="/home/enrico/Dropbox/SEM/lib/Duke/duke-lucene/target/surefire/surefirebooter3190873164418636751.jar"/>
    <property name="java.io.tmpdir" value="/tmp"/>
    <property name="line.separator" value="
"/>
    <property name="java.vm.specification.vendor" value="Oracle Corporation"/>
    <property name="os.name" value="Linux"/>
    <property name="sun.jnu.encoding" value="UTF-8"/>
    <property name="java.library.path" value="/usr/java/packages/lib/amd64:/usr/lib/x86_64-linux-gnu/jni:/lib/x86_64-linux-gnu:/usr/lib/x86_64-linux-gnu:/usr/lib/jni:/lib:/usr/lib"/>
    <property name="surefire.test.class.path" value="/home/enrico/Dropbox/SEM/lib/Duke/duke-lucene/target/test-classes:/home/enrico/Dropbox/SEM/lib/Duke/duke-lucene/target/classes:/home/enrico/Dropbox/SEM/lib/Duke/duke-core/target/duke-core-1.3-SNAPSHOT.jar:/home/enrico/Dropbox/SEM/lib/Duke/duke-core/target/duke-core-1.3-SNAPSHOT-tests.jar:/home/enrico/.m2/repository/org/apache/lucene/lucene-core/4.0.0/lucene-core-4.0.0.jar:/home/enrico/.m2/repository/org/apache/lucene/lucene-analyzers-common/4.0.0/lucene-analyzers-common-4.0.0.jar:/home/enrico/.m2/repository/org/apache/lucene/lucene-spatial/4.0.0/lucene-spatial-4.0.0.jar:/home/enrico/.m2/repository/com/spatial4j/spatial4j/0.3/spatial4j-0.3.jar:/home/enrico/.m2/repository/org/apache/lucene/lucene-queries/4.0.0/lucene-queries-4.0.0.jar:/home/enrico/.m2/repository/junit/junit/4.11/junit-4.11.jar:/home/enrico/.m2/repository/org/hamcrest/hamcrest-core/1.3/hamcrest-core-1.3.jar:/home/enrico/.m2/repository/com/h2database/h2/1.3.176/h2-1.3.176.jar:"/>
    <property name="java.specification.name" value="Java Platform API Specification"/>
    <property name="java.class.version" value="52.0"/>
    <property name="sun.management.compiler" value="HotSpot 64-Bit Tiered Compilers"/>
    <property name="os.version" value="4.4.0-31-generic"/>
    <property name="user.home" value="/home/enrico"/>
    <property name="user.timezone" value=""/>
    <property name="java.awt.printerjob" value="sun.print.PSPrinterJob"/>
    <property name="file.encoding" value="UTF-8"/>
    <property name="java.specification.version" value="1.8"/>
    <property name="user.name" value="enrico"/>
    <property name="java.class.path" value="/home/enrico/Dropbox/SEM/lib/Duke/duke-lucene/target/test-classes:/home/enrico/Dropbox/SEM/lib/Duke/duke-lucene/target/classes:/home/enrico/Dropbox/SEM/lib/Duke/duke-core/target/duke-core-1.3-SNAPSHOT.jar:/home/enrico/Dropbox/SEM/lib/Duke/duke-core/target/duke-core-1.3-SNAPSHOT-tests.jar:/home/enrico/.m2/repository/org/apache/lucene/lucene-core/4.0.0/lucene-core-4.0.0.jar:/home/enrico/.m2/repository/org/apache/lucene/lucene-analyzers-common/4.0.0/lucene-analyzers-common-4.0.0.jar:/home/enrico/.m2/repository/org/apache/lucene/lucene-spatial/4.0.0/lucene-spatial-4.0.0.jar:/home/enrico/.m2/repository/com/spatial4j/spatial4j/0.3/spatial4j-0.3.jar:/home/enrico/.m2/repository/org/apache/lucene/lucene-queries/4.0.0/lucene-queries-4.0.0.jar:/home/enrico/.m2/repository/junit/junit/4.11/junit-4.11.jar:/home/enrico/.m2/repository/org/hamcrest/hamcrest-core/1.3/hamcrest-core-1.3.jar:/home/enrico/.m2/repository/com/h2database/h2/1.3.176/h2-1.3.176.jar:"/>
    <property name="java.vm.specification.version" value="1.8"/>
    <property name="sun.arch.data.model" value="64"/>
    <property name="java.home" value="/usr/lib/jvm/java-8-openjdk-amd64/jre"/>
    <property name="sun.java.command" value="/home/enrico/Dropbox/SEM/lib/Duke/duke-lucene/target/surefire/surefirebooter3190873164418636751.jar /home/enrico/Dropbox/SEM/lib/Duke/duke-lucene/target/surefire/surefire1052425971012597824tmp /home/enrico/Dropbox/SEM/lib/Duke/duke-lucene/target/surefire/surefire4312367761224911167tmp"/>
    <property name="java.specification.vendor" value="Oracle Corporation"/>
    <property name="user.language" value="it"/>
    <property name="awt.toolkit" value="sun.awt.X11.XToolkit"/>
    <property name="java.vm.info" value="mixed mode"/>
    <property name="java.version" value="1.8.0_91"/>
    <property name="java.ext.dirs" value="/usr/lib/jvm/java-8-openjdk-amd64/jre/lib/ext:/usr/java/packages/lib/ext"/>
    <property name="sun.boot.class.path" value="/usr/lib/jvm/java-8-openjdk-amd64/jre/lib/resources.jar:/usr/lib/jvm/java-8-openjdk-amd64/jre/lib/rt.jar:/usr/lib/jvm/java-8-openjdk-amd64/jre/lib/sunrsasign.jar:/usr/lib/jvm/java-8-openjdk-amd64/jre/lib/jsse.jar:/usr/lib/jvm/java-8-openjdk-amd64/jre/lib/jce.jar:/usr/lib/jvm/java-8-openjdk-amd64/jre/lib/charsets.jar:/usr/lib/jvm/java-8-openjdk-amd64/jre/lib/jfr.jar:/usr/lib/jvm/java-8-openjdk-amd64/jre/classes"/>
    <property name="java.vendor" value="Oracle Corporation"/>
    <property name="localRepository" value="/home/enrico/.m2/repository"/>
    <property name="file.separator" value="/"/>
    <property name="java.vendor.url.bug" value="http://bugreport.sun.com/bugreport/"/>
    <property name="sun.cpu.endian" value="little"/>
    <property name="sun.io.unicode.encoding" value="UnicodeLittle"/>
    <property name="sun.desktop" value="gnome"/>
    <property name="sun.cpu.isalist" value=""/>
  </properties>
  <testcase classname="no.priv.garshol.duke.databases.PersistentLuceneDatabaseTest" name="testPersistence" time="1.101"/>
  <testcase classname="no.priv.garshol.duke.databases.PersistentLuceneDatabaseTest" name="testOverwrite" time="1.08"/>
  <testcase classname="no.priv.garshol.duke.databases.PersistentLuceneDatabaseTest" name="testChangeRecord" time="1.804"/>
  <testcase classname="no.priv.garshol.duke.databases.PersistentLuceneDatabaseTest" name="testBoostAt1" time="1.116"/>
  <testcase classname="no.priv.garshol.duke.databases.PersistentLuceneDatabaseTest" name="testRecordImplementation" time="1.007"/>
  <testcase classname="no.priv.garshol.duke.databases.PersistentLuceneDatabaseTest" name="testTrivial" time="1.184"/>
  <testcase classname="no.priv.garshol.duke.databases.PersistentLuceneDatabaseTest" name="testURI" time="1.118"/>
  <testcase classname="no.priv.garshol.duke.databases.PersistentLuceneDatabaseTest" name="testBNode" time="1.162"/>
  <testcase classname="no.priv.garshol.duke.databases.PersistentLuceneDatabaseTest" name="testTrivialFind" time="1.263"/>
  <testcase classname="no.priv.garshol.duke.databases.PersistentLuceneDatabaseTest" name="testBackslash" time="1.194"/>
</testsuite>