<?xml version="1.0" encoding="UTF-8" ?>
<testsuite tests="4" failures="0" name="no.priv.garshol.duke.databases.es.DocumentRecordTest" time="30.656" errors="0" skipped="0">
  <properties>
    <property name="java.runtime.name" value="OpenJDK Runtime Environment"/>
    <property name="sun.boot.library.path" value="/usr/lib/jvm/java-8-openjdk-amd64/jre/lib/amd64"/>
    <property name="java.vm.version" value="25.91-b14"/>
    <property name="java.vm.vendor" value="Oracle Corporation"/>
    <property name="java.vendor.url" value="http://java.oracle.com/"/>
    <property name="path.separator" value=":"/>
    <property name="java.vm.name" value="OpenJDK 64-Bit Server VM"/>
    <property name="file.encoding.pkg" value="sun.io"/>
    <property name="user.country" value="IT"/>
    <property name="sun.java.launcher" value="SUN_STANDARD"/>
    <property name="sun.os.patch.level" value="unknown"/>
    <property name="java.vm.specification.name" value="Java Virtual Machine Specification"/>
    <property name="user.dir" value="/home/enrico/Dropbox/SEM/lib/Duke/duke-es"/>
    <property name="java.runtime.version" value="1.8.0_91-8u91-b14-0ubuntu4~16.04.1-b14"/>
    <property name="java.awt.graphicsenv" value="sun.awt.X11GraphicsEnvironment"/>
    <property name="basedir" value="/home/enrico/Dropbox/SEM/lib/Duke/duke-es"/>
    <property name="java.endorsed.dirs" value="/usr/lib/jvm/java-8-openjdk-amd64/jre/lib/endorsed"/>
    <property name="os.arch" value="amd64"/>
    <property name="surefire.real.class.path" value="/home/enrico/Dropbox/SEM/lib/Duke/duke-es/target/surefire/surefirebooter3279670213391178292.jar"/>
    <property name="java.io.tmpdir" value="/tmp"/>
    <property name="line.separator" value="
"/>
    <property name="java.vm.specification.vendor" value="Oracle Corporation"/>
    <property name="os.name" value="Linux"/>
    <property name="sun.jnu.encoding" value="UTF-8"/>
    <property name="java.library.path" value="/usr/java/packages/lib/amd64:/usr/lib/x86_64-linux-gnu/jni:/lib/x86_64-linux-gnu:/usr/lib/x86_64-linux-gnu:/usr/lib/jni:/lib:/usr/lib"/>
    <property name="surefire.test.class.path" value="/home/enrico/Dropbox/SEM/lib/Duke/duke-es/target/test-classes:/home/enrico/Dropbox/SEM/lib/Duke/duke-es/target/classes:/home/enrico/Dropbox/SEM/lib/Duke/duke-core/target/duke-core-1.3-SNAPSHOT.jar:/home/enrico/Dropbox/SEM/lib/Duke/duke-core/target/duke-core-1.3-SNAPSHOT-tests.jar:/home/enrico/.m2/repository/org/elasticsearch/elasticsearch/1.4.4/elasticsearch-1.4.4.jar:/home/enrico/.m2/repository/org/apache/lucene/lucene-core/4.10.3/lucene-core-4.10.3.jar:/home/enrico/.m2/repository/org/apache/lucene/lucene-analyzers-common/4.10.3/lucene-analyzers-common-4.10.3.jar:/home/enrico/.m2/repository/org/apache/lucene/lucene-queries/4.10.3/lucene-queries-4.10.3.jar:/home/enrico/.m2/repository/org/apache/lucene/lucene-memory/4.10.3/lucene-memory-4.10.3.jar:/home/enrico/.m2/repository/org/apache/lucene/lucene-highlighter/4.10.3/lucene-highlighter-4.10.3.jar:/home/enrico/.m2/repository/org/apache/lucene/lucene-queryparser/4.10.3/lucene-queryparser-4.10.3.jar:/home/enrico/.m2/repository/org/apache/lucene/lucene-sandbox/4.10.3/lucene-sandbox-4.10.3.jar:/home/enrico/.m2/repository/org/apache/lucene/lucene-suggest/4.10.3/lucene-suggest-4.10.3.jar:/home/enrico/.m2/repository/org/apache/lucene/lucene-misc/4.10.3/lucene-misc-4.10.3.jar:/home/enrico/.m2/repository/org/apache/lucene/lucene-join/4.10.3/lucene-join-4.10.3.jar:/home/enrico/.m2/repository/org/apache/lucene/lucene-grouping/4.10.3/lucene-grouping-4.10.3.jar:/home/enrico/.m2/repository/org/apache/lucene/lucene-spatial/4.10.3/lucene-spatial-4.10.3.jar:/home/enrico/.m2/repository/com/spatial4j/spatial4j/0.4.1/spatial4j-0.4.1.jar:/home/enrico/.m2/repository/org/antlr/antlr-runtime/3.5/antlr-runtime-3.5.jar:/home/enrico/.m2/repository/org/ow2/asm/asm/4.1/asm-4.1.jar:/home/enrico/.m2/repository/org/ow2/asm/asm-commons/4.1/asm-commons-4.1.jar:/home/enrico/.m2/repository/junit/junit/4.11/junit-4.11.jar:/home/enrico/.m2/repository/org/hamcrest/hamcrest-core/1.3/hamcrest-core-1.3.jar:/home/enrico/.m2/repository/com/h2database/h2/1.3.176/h2-1.3.176.jar:"/>
    <property name="sun.nio.ch.bugLevel" value=""/>
    <property name="java.specification.name" value="Java Platform API Specification"/>
    <property name="java.class.version" value="52.0"/>
    <property name="sun.management.compiler" value="HotSpot 64-Bit Tiered Compilers"/>
    <property name="os.version" value="4.4.0-31-generic"/>
    <property name="user.home" value="/home/enrico"/>
    <property name="user.timezone" value="Europe/Rome"/>
    <property name="java.awt.printerjob" value="sun.print.PSPrinterJob"/>
    <property name="java.specification.version" value="1.8"/>
    <property name="file.encoding" value="UTF-8"/>
    <property name="user.name" value="enrico"/>
    <property name="java.class.path" value="/home/enrico/Dropbox/SEM/lib/Duke/duke-es/target/test-classes:/home/enrico/Dropbox/SEM/lib/Duke/duke-es/target/classes:/home/enrico/Dropbox/SEM/lib/Duke/duke-core/target/duke-core-1.3-SNAPSHOT.jar:/home/enrico/Dropbox/SEM/lib/Duke/duke-core/target/duke-core-1.3-SNAPSHOT-tests.jar:/home/enrico/.m2/repository/org/elasticsearch/elasticsearch/1.4.4/elasticsearch-1.4.4.jar:/home/enrico/.m2/repository/org/apache/lucene/lucene-core/4.10.3/lucene-core-4.10.3.jar:/home/enrico/.m2/repository/org/apache/lucene/lucene-analyzers-common/4.10.3/lucene-analyzers-common-4.10.3.jar:/home/enrico/.m2/repository/org/apache/lucene/lucene-queries/4.10.3/lucene-queries-4.10.3.jar:/home/enrico/.m2/repository/org/apache/lucene/lucene-memory/4.10.3/lucene-memory-4.10.3.jar:/home/enrico/.m2/repository/org/apache/lucene/lucene-highlighter/4.10.3/lucene-highlighter-4.10.3.jar:/home/enrico/.m2/repository/org/apache/lucene/lucene-queryparser/4.10.3/lucene-queryparser-4.10.3.jar:/home/enrico/.m2/repository/org/apache/lucene/lucene-sandbox/4.10.3/lucene-sandbox-4.10.3.jar:/home/enrico/.m2/repository/org/apache/lucene/lucene-suggest/4.10.3/lucene-suggest-4.10.3.jar:/home/enrico/.m2/repository/org/apache/lucene/lucene-misc/4.10.3/lucene-misc-4.10.3.jar:/home/enrico/.m2/repository/org/apache/lucene/lucene-join/4.10.3/lucene-join-4.10.3.jar:/home/enrico/.m2/repository/org/apache/lucene/lucene-grouping/4.10.3/lucene-grouping-4.10.3.jar:/home/enrico/.m2/repository/org/apache/lucene/lucene-spatial/4.10.3/lucene-spatial-4.10.3.jar:/home/enrico/.m2/repository/com/spatial4j/spatial4j/0.4.1/spatial4j-0.4.1.jar:/home/enrico/.m2/repository/org/antlr/antlr-runtime/3.5/antlr-runtime-3.5.jar:/home/enrico/.m2/repository/org/ow2/asm/asm/4.1/asm-4.1.jar:/home/enrico/.m2/repository/org/ow2/asm/asm-commons/4.1/asm-commons-4.1.jar:/home/enrico/.m2/repository/junit/junit/4.11/junit-4.11.jar:/home/enrico/.m2/repository/org/hamcrest/hamcrest-core/1.3/hamcrest-core-1.3.jar:/home/enrico/.m2/repository/com/h2database/h2/1.3.176/h2-1.3.176.jar:"/>
    <property name="java.vm.specification.version" value="1.8"/>
    <property name="sun.arch.data.model" value="64"/>
    <property name="java.home" value="/usr/lib/jvm/java-8-openjdk-amd64/jre"/>
    <property name="sun.java.command" value="/home/enrico/Dropbox/SEM/lib/Duke/duke-es/target/surefire/surefirebooter3279670213391178292.jar /home/enrico/Dropbox/SEM/lib/Duke/duke-es/target/surefire/surefire7058333520561845737tmp /home/enrico/Dropbox/SEM/lib/Duke/duke-es/target/surefire/surefire454200983736038452tmp"/>
    <property name="java.specification.vendor" value="Oracle Corporation"/>
    <property name="user.language" value="it"/>
    <property name="awt.toolkit" value="sun.awt.X11.XToolkit"/>
    <property name="java.vm.info" value="mixed mode"/>
    <property name="java.version" value="1.8.0_91"/>
    <property name="java.ext.dirs" value="/usr/lib/jvm/java-8-openjdk-amd64/jre/lib/ext:/usr/java/packages/lib/ext"/>
    <property name="sun.boot.class.path" value="/usr/lib/jvm/java-8-openjdk-amd64/jre/lib/resources.jar:/usr/lib/jvm/java-8-openjdk-amd64/jre/lib/rt.jar:/usr/lib/jvm/java-8-openjdk-amd64/jre/lib/sunrsasign.jar:/usr/lib/jvm/java-8-openjdk-amd64/jre/lib/jsse.jar:/usr/lib/jvm/java-8-openjdk-amd64/jre/lib/jce.jar:/usr/lib/jvm/java-8-openjdk-amd64/jre/lib/charsets.jar:/usr/lib/jvm/java-8-openjdk-amd64/jre/lib/jfr.jar:/usr/lib/jvm/java-8-openjdk-amd64/jre/classes"/>
    <property name="java.vendor" value="Oracle Corporation"/>
    <property name="localRepository" value="/home/enrico/.m2/repository"/>
    <property name="file.separator" value="/"/>
    <property name="java.vendor.url.bug" value="http://bugreport.sun.com/bugreport/"/>
    <property name="sun.cpu.endian" value="little"/>
    <property name="sun.io.unicode.encoding" value="UnicodeLittle"/>
    <property name="sun.desktop" value="gnome"/>
    <property name="sun.cpu.isalist" value=""/>
  </properties>
  <testcase classname="no.priv.garshol.duke.databases.es.DocumentRecordTest" name="testNonExistentField" time="22.529"/>
  <testcase classname="no.priv.garshol.duke.databases.es.DocumentRecordTest" name="testMultiValue" time="3.44"/>
  <testcase classname="no.priv.garshol.duke.databases.es.DocumentRecordTest" name="testEquality" time="2.601"/>
  <testcase classname="no.priv.garshol.duke.databases.es.DocumentRecordTest" name="testNormal" time="2.048"/>
</testsuite>